<?xml version="1.0" encoding="UTF-8"?>
<!-- Generated by org.testng.reporters.JUnitXMLReporter -->
<testsuite ignored="0" hostname="Mukilsai" failures="0" tests="19" name="Default test" time="7.693" errors="0" timestamp="2024-10-17T21:01:47 EDT">
  <testcase classname="requests.PutRequest" name="Post_New_user" time="1.916"/>
  <testcase classname="requests.PutRequest" name="Post_New_user" time="0.29"/>
  <testcase classname="requests.PutRequest" name="Post_New_user" time="0.279"/>
  <testcase classname="requests.PutRequest" name="Post_New_user" time="0.277"/>
  <testcase classname="requests.PutRequest" name="Post_New_user" time="0.291"/>
  <testcase classname="requests.PutRequest" name="Post_New_user" time="0.26"/>
  <testcase classname="requests.PutRequest" name="Post_New_user" time="0.27"/>
  <testcase classname="requests.PutRequest" name="Post_New_user" time="0.276"/>
  <testcase classname="requests.PutRequest" name="Post_New_user" time="0.296"/>
  <testcase classname="requests.PutRequest" name="Post_New_user" time="0.26"/>
  <testcase classname="requests.PutRequest" name="Post_New_user" time="0.268"/>
  <testcase classname="requests.PutRequest" name="Post_New_user" time="0.25"/>
  <testcase classname="requests.PutRequest" name="Post_New_user" time="0.283"/>
  <testcase classname="requests.PutRequest" name="Post_New_user" time="0.256"/>
  <testcase classname="requests.PutRequest" name="Post_New_user" time="0.262"/>
  <testcase classname="requests.PutRequest" name="Post_New_user" time="0.247"/>
  <testcase classname="requests.PutRequest" name="Post_New_user" time="0.247"/>
  <testcase classname="requests.PutRequest" name="Post_New_user" time="0.254"/>
  <testcase classname="requests.PutRequest" name="Post_New_user" time="0.323"/>
</testsuite> <!-- Default test -->
