<?xml version="1.0" encoding="UTF-8"?>
<!-- Generated by org.testng.reporters.JUnitXMLReporter -->
<testsuite ignored="0" hostname="Mukilsai" failures="0" tests="61" name="Test" time="27.741" errors="0" timestamp="2024-10-17T10:36:52 EDT">
  <testcase classname="requests.GetRequests" name="GetAllUser" time="2.516"/>
  <testcase classname="requests.GetRequests" name="GetAllUser" time="0.464"/>
  <testcase classname="requests.GetRequests" name="GetAllUser" time="0.416"/>
  <testcase classname="requests.GetRequests" name="GetAllUser" time="0.338"/>
  <testcase classname="requests.GetRequests" name="GetAllUser" time="0.276"/>
  <testcase classname="requests.GetRequests" name="GetAllUser" time="0.275"/>
  <testcase classname="requests.GetRequests" name="GetAllUser" time="0.253"/>
  <testcase classname="requests.GetRequests" name="GetAllUser" time="0.279"/>
  <testcase classname="requests.GetRequests" name="GetAllUser" time="0.392"/>
  <testcase classname="requests.GetRequests" name="GetAllUser" time="0.269"/>
  <testcase classname="requests.PostRequest" name="Post_New_user" time="0.827"/>
  <testcase classname="requests.PostRequest" name="Post_New_user" time="0.439"/>
  <testcase classname="requests.PostRequest" name="Post_New_user" time="0.271"/>
  <testcase classname="requests.PostRequest" name="Post_New_user" time="0.28"/>
  <testcase classname="requests.PostRequest" name="Post_New_user" time="0.283"/>
  <testcase classname="requests.PostRequest" name="Post_New_user" time="0.278"/>
  <testcase classname="requests.PostRequest" name="Post_New_user" time="0.285"/>
  <testcase classname="requests.PostRequest" name="Post_New_user" time="0.504"/>
  <testcase classname="requests.PostRequest" name="Post_New_user" time="0.299"/>
  <testcase classname="requests.PostRequest" name="Post_New_user" time="0.298"/>
  <testcase classname="requests.PostRequest" name="Post_New_user" time="0.426"/>
  <testcase classname="requests.PostRequest" name="Post_New_user" time="0.298"/>
  <testcase classname="requests.PostRequest" name="Post_New_user" time="0.419"/>
  <testcase classname="requests.PostRequest" name="Post_New_user" time="0.274"/>
  <testcase classname="requests.PostRequest" name="Post_New_user" time="0.404"/>
  <testcase classname="requests.PostRequest" name="Post_New_user" time="0.292"/>
  <testcase classname="requests.PostRequest" name="Post_New_user" time="0.291"/>
  <testcase classname="requests.PostRequest" name="Post_New_user" time="0.296"/>
  <testcase classname="requests.PostRequest" name="Post_New_user" time="0.308"/>
  <testcase classname="requests.PostRequest" name="Post_New_user" time="0.29"/>
  <testcase classname="requests.PostRequest" name="Post_New_user" time="0.288"/>
  <testcase classname="requests.PostRequest" name="Post_New_user" time="0.275"/>
  <testcase classname="requests.PostRequest" name="Post_New_user" time="0.438"/>
  <testcase classname="requests.PostRequest" name="Post_New_user" time="0.286"/>
  <testcase classname="requests.PutRequest" name="Post_New_user" time="0.531"/>
  <testcase classname="requests.PutRequest" name="Post_New_user" time="0.398"/>
  <testcase classname="requests.PutRequest" name="Post_New_user" time="0.405"/>
  <testcase classname="requests.PutRequest" name="Post_New_user" time="0.404"/>
  <testcase classname="requests.PutRequest" name="Post_New_user" time="0.388"/>
  <testcase classname="requests.PutRequest" name="Post_New_user" time="0.268"/>
  <testcase classname="requests.PutRequest" name="Post_New_user" time="0.277"/>
  <testcase classname="requests.PutRequest" name="Post_New_user" time="0.248"/>
  <testcase classname="requests.PutRequest" name="Post_New_user" time="0.264"/>
  <testcase classname="requests.PutRequest" name="Post_New_user" time="0.397"/>
  <testcase classname="requests.PutRequest" name="Post_New_user" time="0.246"/>
  <testcase classname="requests.PutRequest" name="Post_New_user" time="0.503"/>
  <testcase classname="requests.PutRequest" name="Post_New_user" time="0.249"/>
  <testcase classname="requests.PutRequest" name="Post_New_user" time="0.568"/>
  <testcase classname="requests.PutRequest" name="Post_New_user" time="0.933"/>
  <testcase classname="requests.PutRequest" name="Post_New_user" time="0.926"/>
  <testcase classname="requests.PutRequest" name="Post_New_user" time="0.865"/>
  <testcase classname="requests.PutRequest" name="Post_New_user" time="0.708"/>
  <testcase classname="requests.PutRequest" name="Post_New_user" time="0.925"/>
  <testcase classname="requests.DeleteRequest$GetRequests" name="DeleteByIdAndUser" time="1.154"/>
  <testcase classname="requests.DeleteRequest$GetRequests" name="DeleteByIdAndUser" time="0.473"/>
  <testcase classname="requests.DeleteRequest$GetRequests" name="DeleteByIdAndUser" time="0.252"/>
  <testcase classname="requests.DeleteRequest$GetRequests" name="DeleteByIdAndUser" time="0.251"/>
  <testcase classname="requests.DeleteRequest$GetRequests" name="DeleteByIdAndUser" time="0.278"/>
  <testcase classname="requests.DeleteRequest$GetRequests" name="DeleteByIdAndUser" time="0.26"/>
  <testcase classname="requests.DeleteRequest$GetRequests" name="DeleteByIdAndUser" time="0.393"/>
  <testcase classname="requests.DeleteRequest$GetRequests" name="DeleteByIdAndUser" time="0.389"/>
</testsuite> <!-- Test -->
