<?xml version="1.0" encoding="UTF-8"?>
<!-- Generated by org.testng.reporters.JUnitXMLReporter -->
<testsuite ignored="0" hostname="Mukilsai" failures="2" tests="61" name="Test" time="20.497" errors="0" timestamp="2024-10-18T15:13:35 EDT">
  <testcase classname="requests.GetRequests" name="GetAllUser" time="1.999"/>
  <testcase classname="requests.GetRequests" name="GetAllUser" time="0.266"/>
  <testcase classname="requests.GetRequests" name="GetAllUser" time="0.26"/>
  <testcase classname="requests.GetRequests" name="GetAllUser" time="0.266"/>
  <testcase classname="requests.GetRequests" name="GetAllUser" time="0.252"/>
  <testcase classname="requests.GetRequests" name="GetAllUser" time="0.259"/>
  <testcase classname="requests.GetRequests" name="GetAllUser" time="0.255"/>
  <testcase classname="requests.GetRequests" name="GetAllUser" time="0.253"/>
  <testcase classname="requests.GetRequests" name="GetAllUser" time="0.269"/>
  <testcase classname="requests.GetRequests" name="GetAllUser" time="0.243"/>
  <testcase classname="requests.PostRequest" name="Post_New_user" time="1.076"/>
  <testcase classname="requests.PostRequest" name="Post_New_user" time="0.248">
    <failure type="java.lang.AssertionError" message="Expected status code is 409 Actual status is : 201 expected [409] but found [201]">
      <![CDATA[java.lang.AssertionError: Expected status code is 409 Actual status is : 201 expected [409] but found [201]
at requests.PostRequest.Post_New_user(PostRequest.java:44)
at java.base/java.util.ArrayList.forEach(ArrayList.java:1596)
... Removed 31 stack frames]]>
    </failure>
  </testcase> <!-- Post_New_user -->
  <testcase classname="requests.PostRequest" name="Post_New_user" time="0.295"/>
  <testcase classname="requests.PostRequest" name="Post_New_user" time="0.287"/>
  <testcase classname="requests.PostRequest" name="Post_New_user" time="0.268"/>
  <testcase classname="requests.PostRequest" name="Post_New_user" time="0.269"/>
  <testcase classname="requests.PostRequest" name="Post_New_user" time="0.266"/>
  <testcase classname="requests.PostRequest" name="Post_New_user" time="0.267"/>
  <testcase classname="requests.PostRequest" name="Post_New_user" time="0.28"/>
  <testcase classname="requests.PostRequest" name="Post_New_user" time="0.272"/>
  <testcase classname="requests.PostRequest" name="Post_New_user" time="0.273"/>
  <testcase classname="requests.PostRequest" name="Post_New_user" time="0.262"/>
  <testcase classname="requests.PostRequest" name="Post_New_user" time="0.274"/>
  <testcase classname="requests.PostRequest" name="Post_New_user" time="0.271"/>
  <testcase classname="requests.PostRequest" name="Post_New_user" time="0.504"/>
  <testcase classname="requests.PostRequest" name="Post_New_user" time="0.269"/>
  <testcase classname="requests.PostRequest" name="Post_New_user" time="0.276"/>
  <testcase classname="requests.PostRequest" name="Post_New_user" time="0.39"/>
  <testcase classname="requests.PostRequest" name="Post_New_user" time="0.269"/>
  <testcase classname="requests.PostRequest" name="Post_New_user" time="0.254"/>
  <testcase classname="requests.PostRequest" name="Post_New_user" time="0.275"/>
  <testcase classname="requests.PostRequest" name="Post_New_user" time="0.267"/>
  <testcase classname="requests.PostRequest" name="Post_New_user" time="0.288"/>
  <testcase classname="requests.PostRequest" name="Post_New_user" time="0.27"/>
  <testcase classname="requests.PutRequest" name="Put_New_user" time="0.275"/>
  <testcase classname="requests.PutRequest" name="Put_New_user" time="0.268"/>
  <testcase classname="requests.PutRequest" name="Put_New_user" time="0.247"/>
  <testcase classname="requests.PutRequest" name="Put_New_user" time="0.251"/>
  <testcase classname="requests.PutRequest" name="Put_New_user" time="0.267"/>
  <testcase classname="requests.PutRequest" name="Put_New_user" time="0.249"/>
  <testcase classname="requests.PutRequest" name="Put_New_user" time="0.253"/>
  <testcase classname="requests.PutRequest" name="Put_New_user" time="0.245"/>
  <testcase classname="requests.PutRequest" name="Put_New_user" time="0.286"/>
  <testcase classname="requests.PutRequest" name="Put_New_user" time="0.269"/>
  <testcase classname="requests.PutRequest" name="Put_New_user" time="0.267"/>
  <testcase classname="requests.PutRequest" name="Put_New_user" time="0.252"/>
  <testcase classname="requests.PutRequest" name="Put_New_user" time="0.257"/>
  <testcase classname="requests.PutRequest" name="Put_New_user" time="0.249"/>
  <testcase classname="requests.PutRequest" name="Put_New_user" time="0.253"/>
  <testcase classname="requests.PutRequest" name="Put_New_user" time="0.26"/>
  <testcase classname="requests.PutRequest" name="Put_New_user" time="0.258"/>
  <testcase classname="requests.PutRequest" name="Put_New_user" time="0.235"/>
  <testcase classname="requests.PutRequest" name="Put_New_user" time="0.25"/>
  <testcase classname="requests.DeleteRequest$GetRequests" name="DeleteByIdAndUser" time="0.243">
    <failure type="java.lang.AssertionError" message="Expected status code is 200 Actual status is : 404 expected [200] but found [404]">
      <![CDATA[java.lang.AssertionError: Expected status code is 200 Actual status is : 404 expected [200] but found [404]
at requests.DeleteRequest$GetRequests.DeleteByIdAndUser(DeleteRequest.java:43)
at java.base/java.util.ArrayList.forEach(ArrayList.java:1596)
... Removed 31 stack frames]]>
    </failure>
  </testcase> <!-- DeleteByIdAndUser -->
  <testcase classname="requests.DeleteRequest$GetRequests" name="DeleteByIdAndUser" time="0.3"/>
  <testcase classname="requests.DeleteRequest$GetRequests" name="DeleteByIdAndUser" time="0.253"/>
  <testcase classname="requests.DeleteRequest$GetRequests" name="DeleteByIdAndUser" time="0.25"/>
  <testcase classname="requests.DeleteRequest$GetRequests" name="DeleteByIdAndUser" time="0.259"/>
  <testcase classname="requests.DeleteRequest$GetRequests" name="DeleteByIdAndUser" time="0.247"/>
  <testcase classname="requests.DeleteRequest$GetRequests" name="DeleteByIdAndUser" time="0.226"/>
  <testcase classname="requests.DeleteRequest$GetRequests" name="DeleteByIdAndUser" time="0.238"/>
</testsuite> <!-- Test -->
