<?xml version="1.0" encoding="UTF-8"?>
<testng-results ignored="0" total="61" passed="59" failed="2" skipped="0">
  <reporter-output>
  </reporter-output>
  <suite started-at="2024-10-18T15:13:14 EDT" name="Suite" finished-at="2024-10-18T15:13:35 EDT" duration-ms="20497">
    <groups>
    </groups>
    <test started-at="2024-10-18T15:13:14 EDT" name="Test" finished-at="2024-10-18T15:13:35 EDT" duration-ms="20497">
      <class name="requests.DeleteRequest$GetRequests">
        <test-method is-config="true" signature="setup()[pri:0, instance:requests.DeleteRequest$GetRequests@46268f08]" started-at="2024-10-18T15:13:33 EDT" name="setup" finished-at="2024-10-18T15:13:33 EDT" duration-ms="40" status="PASS">
          <reporter-output>
          </reporter-output>
        </test-method> <!-- setup -->
        <test-method signature="DeleteByIdAndUser(java.util.LinkedHashMap)[pri:4, instance:requests.DeleteRequest$GetRequests@46268f08]" started-at="2024-10-18T15:13:33 EDT" name="DeleteByIdAndUser" data-provider="userDataProvider" finished-at="2024-10-18T15:13:33 EDT" duration-ms="243" status="FAIL">
          <params>
            <param index="0">
              <value>
                <![CDATA[{endpoint= /deleteuser/10970, statuscode=200}]]>
              </value>
            </param>
          </params>
          <exception class="java.lang.AssertionError">
            <message>
              <![CDATA[Expected status code is 200 Actual status is : 404 expected [200] but found [404]]]>
            </message>
            <full-stacktrace>
              <![CDATA[java.lang.AssertionError: Expected status code is 200 Actual status is : 404 expected [200] but found [404]
at org.testng.Assert.fail(Assert.java:111)
at org.testng.Assert.failNotEquals(Assert.java:1578)
at org.testng.Assert.assertEqualsImpl(Assert.java:150)
at org.testng.Assert.assertEquals(Assert.java:132)
at org.testng.Assert.assertEquals(Assert.java:1419)
at org.testng.Assert.assertEquals(Assert.java:1383)
at requests.DeleteRequest$GetRequests.DeleteByIdAndUser(DeleteRequest.java:43)
at java.base/jdk.internal.reflect.DirectMethodHandleAccessor.invoke(DirectMethodHandleAccessor.java:103)
at java.base/java.lang.reflect.Method.invoke(Method.java:580)
at org.testng.internal.invokers.MethodInvocationHelper.invokeMethod(MethodInvocationHelper.java:141)
at org.testng.internal.invokers.TestInvoker.invokeMethod(TestInvoker.java:686)
at org.testng.internal.invokers.TestInvoker.invokeTestMethod(TestInvoker.java:230)
at org.testng.internal.invokers.MethodRunner.runInSequence(MethodRunner.java:63)
at org.testng.internal.invokers.TestInvoker$MethodInvocationAgent.invoke(TestInvoker.java:992)
at org.testng.internal.invokers.TestInvoker.invokeTestMethods(TestInvoker.java:203)
at org.testng.internal.invokers.TestMethodWorker.invokeTestMethods(TestMethodWorker.java:154)
at org.testng.internal.invokers.TestMethodWorker.run(TestMethodWorker.java:134)
at java.base/java.util.ArrayList.forEach(ArrayList.java:1596)
at org.testng.TestRunner.privateRun(TestRunner.java:739)
at org.testng.TestRunner.run(TestRunner.java:614)
at org.testng.SuiteRunner.runTest(SuiteRunner.java:421)
at org.testng.SuiteRunner.runSequentially(SuiteRunner.java:413)
at org.testng.SuiteRunner.privateRun(SuiteRunner.java:373)
at org.testng.SuiteRunner.run(SuiteRunner.java:312)
at org.testng.SuiteRunnerWorker.runSuite(SuiteRunnerWorker.java:52)
at org.testng.SuiteRunnerWorker.run(SuiteRunnerWorker.java:95)
at org.testng.TestNG.runSuitesSequentially(TestNG.java:1274)
at org.testng.TestNG.runSuitesLocally(TestNG.java:1208)
at org.testng.TestNG.runSuites(TestNG.java:1112)
at org.testng.TestNG.run(TestNG.java:1079)
at org.testng.remote.AbstractRemoteTestNG.run(AbstractRemoteTestNG.java:115)
at org.testng.remote.RemoteTestNG.initAndRun(RemoteTestNG.java:293)
at org.testng.remote.RemoteTestNG.main(RemoteTestNG.java:91)
]]>
            </full-stacktrace>
          </exception> <!-- java.lang.AssertionError -->
          <reporter-output>
          </reporter-output>
        </test-method> <!-- DeleteByIdAndUser -->
        <test-method signature="DeleteByIdAndUser(java.util.LinkedHashMap)[pri:4, instance:requests.DeleteRequest$GetRequests@46268f08]" started-at="2024-10-18T15:13:33 EDT" name="DeleteByIdAndUser" data-provider="userDataProvider" finished-at="2024-10-18T15:13:33 EDT" duration-ms="300" status="PASS">
          <params>
            <param index="0">
              <value>
                <![CDATA[{endpoint= /deleteuser/, statuscode=404}]]>
              </value>
            </param>
          </params>
          <reporter-output>
          </reporter-output>
        </test-method> <!-- DeleteByIdAndUser -->
        <test-method signature="DeleteByIdAndUser(java.util.LinkedHashMap)[pri:4, instance:requests.DeleteRequest$GetRequests@46268f08]" started-at="2024-10-18T15:13:33 EDT" name="DeleteByIdAndUser" data-provider="userDataProvider" finished-at="2024-10-18T15:13:34 EDT" duration-ms="253" status="PASS">
          <params>
            <param index="0">
              <value>
                <![CDATA[{endpoint= /deleteuser/kiru, statuscode=400}]]>
              </value>
            </param>
          </params>
          <reporter-output>
          </reporter-output>
        </test-method> <!-- DeleteByIdAndUser -->
        <test-method signature="DeleteByIdAndUser(java.util.LinkedHashMap)[pri:4, instance:requests.DeleteRequest$GetRequests@46268f08]" started-at="2024-10-18T15:13:34 EDT" name="DeleteByIdAndUser" data-provider="userDataProvider" finished-at="2024-10-18T15:13:34 EDT" duration-ms="250" status="PASS">
          <params>
            <param index="0">
              <value>
                <![CDATA[{endpoint=/, statuscode=404}]]>
              </value>
            </param>
          </params>
          <reporter-output>
          </reporter-output>
        </test-method> <!-- DeleteByIdAndUser -->
        <test-method signature="DeleteByIdAndUser(java.util.LinkedHashMap)[pri:4, instance:requests.DeleteRequest$GetRequests@46268f08]" started-at="2024-10-18T15:13:34 EDT" name="DeleteByIdAndUser" data-provider="userDataProvider" finished-at="2024-10-18T15:13:34 EDT" duration-ms="259" status="PASS">
          <params>
            <param index="0">
              <value>
                <![CDATA[{endpoint=/deleteuser/username/kiru, statuscode=200}]]>
              </value>
            </param>
          </params>
          <reporter-output>
          </reporter-output>
        </test-method> <!-- DeleteByIdAndUser -->
        <test-method signature="DeleteByIdAndUser(java.util.LinkedHashMap)[pri:4, instance:requests.DeleteRequest$GetRequests@46268f08]" started-at="2024-10-18T15:13:34 EDT" name="DeleteByIdAndUser" data-provider="userDataProvider" finished-at="2024-10-18T15:13:34 EDT" duration-ms="247" status="PASS">
          <params>
            <param index="0">
              <value>
                <![CDATA[{endpoint=/deleteuser/username/1122, statuscode=404}]]>
              </value>
            </param>
          </params>
          <reporter-output>
          </reporter-output>
        </test-method> <!-- DeleteByIdAndUser -->
        <test-method signature="DeleteByIdAndUser(java.util.LinkedHashMap)[pri:4, instance:requests.DeleteRequest$GetRequests@46268f08]" started-at="2024-10-18T15:13:34 EDT" name="DeleteByIdAndUser" data-provider="userDataProvider" finished-at="2024-10-18T15:13:35 EDT" duration-ms="226" status="PASS">
          <params>
            <param index="0">
              <value>
                <![CDATA[{endpoint=/deleteuser/username/, statuscode=400}]]>
              </value>
            </param>
          </params>
          <reporter-output>
          </reporter-output>
        </test-method> <!-- DeleteByIdAndUser -->
        <test-method signature="DeleteByIdAndUser(java.util.LinkedHashMap)[pri:4, instance:requests.DeleteRequest$GetRequests@46268f08]" started-at="2024-10-18T15:13:35 EDT" name="DeleteByIdAndUser" data-provider="userDataProvider" finished-at="2024-10-18T15:13:35 EDT" duration-ms="238" status="PASS">
          <params>
            <param index="0">
              <value>
                <![CDATA[{endpoint=/, statuscode=404}]]>
              </value>
            </param>
          </params>
          <reporter-output>
          </reporter-output>
        </test-method> <!-- DeleteByIdAndUser -->
      </class> <!-- requests.DeleteRequest$GetRequests -->
      <class name="requests.PostRequest">
        <test-method is-config="true" signature="setup()[pri:0, instance:requests.PostRequest@25bfcafd]" started-at="2024-10-18T15:13:20 EDT" name="setup" finished-at="2024-10-18T15:13:20 EDT" duration-ms="66" status="PASS">
          <reporter-output>
          </reporter-output>
        </test-method> <!-- setup -->
        <test-method signature="Post_New_user(java.util.LinkedHashMap)[pri:2, instance:requests.PostRequest@25bfcafd]" started-at="2024-10-18T15:13:20 EDT" name="Post_New_user" data-provider="userDataProvider" finished-at="2024-10-18T15:13:21 EDT" duration-ms="1076" status="PASS">
          <params>
            <param index="0">
              <value>
                <![CDATA[{endpoint=/create, user_first_name=kiru, user_last_name=muthu, user_contact_number=4123567890, user_email_id=tean5kiru@gmail.com, plotNumber=pl-12, street=Avenue, state=GA, country=USA, zipCode=30055, statuscode=404}]]>
              </value>
            </param>
          </params>
          <reporter-output>
          </reporter-output>
        </test-method> <!-- Post_New_user -->
        <test-method signature="Post_New_user(java.util.LinkedHashMap)[pri:2, instance:requests.PostRequest@25bfcafd]" started-at="2024-10-18T15:13:21 EDT" name="Post_New_user" data-provider="userDataProvider" finished-at="2024-10-18T15:13:22 EDT" duration-ms="248" status="FAIL">
          <params>
            <param index="0">
              <value>
                <![CDATA[{endpoint=/createusers, user_first_name=null, user_last_name=muthu, user_contact_number=4123567891, user_email_id=tean5kiru@gmail.com, plotNumber=pl-13, street=Avenue, state=GA, country=USA, zipCode=30055, statuscode=409}]]>
              </value>
            </param>
          </params>
          <exception class="java.lang.AssertionError">
            <message>
              <![CDATA[Expected status code is 409 Actual status is : 201 expected [409] but found [201]]]>
            </message>
            <full-stacktrace>
              <![CDATA[java.lang.AssertionError: Expected status code is 409 Actual status is : 201 expected [409] but found [201]
at org.testng.Assert.fail(Assert.java:111)
at org.testng.Assert.failNotEquals(Assert.java:1578)
at org.testng.Assert.assertEqualsImpl(Assert.java:150)
at org.testng.Assert.assertEquals(Assert.java:132)
at org.testng.Assert.assertEquals(Assert.java:1419)
at org.testng.Assert.assertEquals(Assert.java:1383)
at requests.PostRequest.Post_New_user(PostRequest.java:44)
at java.base/jdk.internal.reflect.DirectMethodHandleAccessor.invoke(DirectMethodHandleAccessor.java:103)
at java.base/java.lang.reflect.Method.invoke(Method.java:580)
at org.testng.internal.invokers.MethodInvocationHelper.invokeMethod(MethodInvocationHelper.java:141)
at org.testng.internal.invokers.TestInvoker.invokeMethod(TestInvoker.java:686)
at org.testng.internal.invokers.TestInvoker.invokeTestMethod(TestInvoker.java:230)
at org.testng.internal.invokers.MethodRunner.runInSequence(MethodRunner.java:63)
at org.testng.internal.invokers.TestInvoker$MethodInvocationAgent.invoke(TestInvoker.java:992)
at org.testng.internal.invokers.TestInvoker.invokeTestMethods(TestInvoker.java:203)
at org.testng.internal.invokers.TestMethodWorker.invokeTestMethods(TestMethodWorker.java:154)
at org.testng.internal.invokers.TestMethodWorker.run(TestMethodWorker.java:134)
at java.base/java.util.ArrayList.forEach(ArrayList.java:1596)
at org.testng.TestRunner.privateRun(TestRunner.java:739)
at org.testng.TestRunner.run(TestRunner.java:614)
at org.testng.SuiteRunner.runTest(SuiteRunner.java:421)
at org.testng.SuiteRunner.runSequentially(SuiteRunner.java:413)
at org.testng.SuiteRunner.privateRun(SuiteRunner.java:373)
at org.testng.SuiteRunner.run(SuiteRunner.java:312)
at org.testng.SuiteRunnerWorker.runSuite(SuiteRunnerWorker.java:52)
at org.testng.SuiteRunnerWorker.run(SuiteRunnerWorker.java:95)
at org.testng.TestNG.runSuitesSequentially(TestNG.java:1274)
at org.testng.TestNG.runSuitesLocally(TestNG.java:1208)
at org.testng.TestNG.runSuites(TestNG.java:1112)
at org.testng.TestNG.run(TestNG.java:1079)
at org.testng.remote.AbstractRemoteTestNG.run(AbstractRemoteTestNG.java:115)
at org.testng.remote.RemoteTestNG.initAndRun(RemoteTestNG.java:293)
at org.testng.remote.RemoteTestNG.main(RemoteTestNG.java:91)
]]>
            </full-stacktrace>
          </exception> <!-- java.lang.AssertionError -->
          <reporter-output>
          </reporter-output>
        </test-method> <!-- Post_New_user -->
        <test-method signature="Post_New_user(java.util.LinkedHashMap)[pri:2, instance:requests.PostRequest@25bfcafd]" started-at="2024-10-18T15:13:22 EDT" name="Post_New_user" data-provider="userDataProvider" finished-at="2024-10-18T15:13:22 EDT" duration-ms="295" status="PASS">
          <params>
            <param index="0">
              <value>
                <![CDATA[{endpoint=/createusers, user_first_name=12345, user_last_name=muthu, user_contact_number=4123567892, user_email_id=tean5kiru@gmail.com, plotNumber=pl-14, street=Avenue, state=GA, country=USA, zipCode=30055, statuscode=409}]]>
              </value>
            </param>
          </params>
          <reporter-output>
          </reporter-output>
        </test-method> <!-- Post_New_user -->
        <test-method signature="Post_New_user(java.util.LinkedHashMap)[pri:2, instance:requests.PostRequest@25bfcafd]" started-at="2024-10-18T15:13:22 EDT" name="Post_New_user" data-provider="userDataProvider" finished-at="2024-10-18T15:13:22 EDT" duration-ms="287" status="PASS">
          <params>
            <param index="0">
              <value>
                <![CDATA[{endpoint=/createusers, user_first_name=kiru@#, user_last_name=muthu, user_contact_number=4123567893, user_email_id=tean5kiru@gmail.com, plotNumber=pl-15, street=Avenue, state=GA, country=USA, zipCode=30055, statuscode=409}]]>
              </value>
            </param>
          </params>
          <reporter-output>
          </reporter-output>
        </test-method> <!-- Post_New_user -->
        <test-method signature="Post_New_user(java.util.LinkedHashMap)[pri:2, instance:requests.PostRequest@25bfcafd]" started-at="2024-10-18T15:13:22 EDT" name="Post_New_user" data-provider="userDataProvider" finished-at="2024-10-18T15:13:22 EDT" duration-ms="268" status="PASS">
          <params>
            <param index="0">
              <value>
                <![CDATA[{endpoint=/createusers, user_first_name=kiru, user_last_name=null, user_contact_number=4123567890, user_email_id=tean5kiru@gmail.com, plotNumber=pl-11, street=Avenue, state=GA, country=USA, zipCode=30055, statuscode=409}]]>
              </value>
            </param>
          </params>
          <reporter-output>
          </reporter-output>
        </test-method> <!-- Post_New_user -->
        <test-method signature="Post_New_user(java.util.LinkedHashMap)[pri:2, instance:requests.PostRequest@25bfcafd]" started-at="2024-10-18T15:13:22 EDT" name="Post_New_user" data-provider="userDataProvider" finished-at="2024-10-18T15:13:23 EDT" duration-ms="269" status="PASS">
          <params>
            <param index="0">
              <value>
                <![CDATA[{endpoint=/createusers, user_first_name=kiru, user_last_name=12345, user_contact_number=4123567890, user_email_id=tean5kiru@gmail.com, plotNumber=pl-12, street=Avenue, state=GA, country=USA, zipCode=30055, statuscode=409}]]>
              </value>
            </param>
          </params>
          <reporter-output>
          </reporter-output>
        </test-method> <!-- Post_New_user -->
        <test-method signature="Post_New_user(java.util.LinkedHashMap)[pri:2, instance:requests.PostRequest@25bfcafd]" started-at="2024-10-18T15:13:23 EDT" name="Post_New_user" data-provider="userDataProvider" finished-at="2024-10-18T15:13:23 EDT" duration-ms="266" status="PASS">
          <params>
            <param index="0">
              <value>
                <![CDATA[{endpoint=/createusers, user_first_name=kiru, user_last_name=Mut@@, user_contact_number=4123567890, user_email_id=tean5kiru@gmail.com, plotNumber=pl-13, street=Avenue, state=GA, country=USA, zipCode=30055, statuscode=409}]]>
              </value>
            </param>
          </params>
          <reporter-output>
          </reporter-output>
        </test-method> <!-- Post_New_user -->
        <test-method signature="Post_New_user(java.util.LinkedHashMap)[pri:2, instance:requests.PostRequest@25bfcafd]" started-at="2024-10-18T15:13:23 EDT" name="Post_New_user" data-provider="userDataProvider" finished-at="2024-10-18T15:13:23 EDT" duration-ms="267" status="PASS">
          <params>
            <param index="0">
              <value>
                <![CDATA[{endpoint=/createusers, user_first_name=kiru, user_last_name=muthu, user_contact_number=4123567890, user_email_id=team05kiru@gmail.com, plotNumber=pl-13, street=Avenue, state=GA, country=USA, zipCode=30055, statuscode=201}]]>
              </value>
            </param>
          </params>
          <reporter-output>
          </reporter-output>
        </test-method> <!-- Post_New_user -->
        <test-method signature="Post_New_user(java.util.LinkedHashMap)[pri:2, instance:requests.PostRequest@25bfcafd]" started-at="2024-10-18T15:13:23 EDT" name="Post_New_user" data-provider="userDataProvider" finished-at="2024-10-18T15:13:23 EDT" duration-ms="280" status="PASS">
          <params>
            <param index="0">
              <value>
                <![CDATA[{endpoint=/createusers, user_first_name=kiru, user_last_name=muthu, user_contact_number=4123567, user_email_id=team05kiru@gmail.com, plotNumber=pl-14, street=Avenue, state=GA, country=USA, zipCode=30055, statuscode=409}]]>
              </value>
            </param>
          </params>
          <reporter-output>
          </reporter-output>
        </test-method> <!-- Post_New_user -->
        <test-method signature="Post_New_user(java.util.LinkedHashMap)[pri:2, instance:requests.PostRequest@25bfcafd]" started-at="2024-10-18T15:13:23 EDT" name="Post_New_user" data-provider="userDataProvider" finished-at="2024-10-18T15:13:24 EDT" duration-ms="272" status="PASS">
          <params>
            <param index="0">
              <value>
                <![CDATA[{endpoint=/createusers, user_first_name=kiru, user_last_name=muthu, user_contact_number=               phonenumber, user_email_id=team05kiru@gmail.com, plotNumber=pl-15, street=Avenue, state=GA, country=USA, zipCode=30055, statuscode=400}]]>
              </value>
            </param>
          </params>
          <reporter-output>
          </reporter-output>
        </test-method> <!-- Post_New_user -->
        <test-method signature="Post_New_user(java.util.LinkedHashMap)[pri:2, instance:requests.PostRequest@25bfcafd]" started-at="2024-10-18T15:13:24 EDT" name="Post_New_user" data-provider="userDataProvider" finished-at="2024-10-18T15:13:24 EDT" duration-ms="273" status="PASS">
          <params>
            <param index="0">
              <value>
                <![CDATA[{endpoint=/createusers, user_first_name=kiru, user_last_name=muthu, user_contact_number=7123567890, user_email_id=tean5kiru@gmail.com, plotNumber=pl-16, street=Avenue, state=GA, country=USA, zipCode=30055, statuscode=409}]]>
              </value>
            </param>
          </params>
          <reporter-output>
          </reporter-output>
        </test-method> <!-- Post_New_user -->
        <test-method signature="Post_New_user(java.util.LinkedHashMap)[pri:2, instance:requests.PostRequest@25bfcafd]" started-at="2024-10-18T15:13:24 EDT" name="Post_New_user" data-provider="userDataProvider" finished-at="2024-10-18T15:13:24 EDT" duration-ms="262" status="PASS">
          <params>
            <param index="0">
              <value>
                <![CDATA[{endpoint=/createusers, user_first_name=kiru, user_last_name=muthu, user_contact_number=8123567890, user_email_id=tean5kirugmail.com, plotNumber=pl-17, street=Avenue, state=GA, country=USA, zipCode=30055, statuscode=400}]]>
              </value>
            </param>
          </params>
          <reporter-output>
          </reporter-output>
        </test-method> <!-- Post_New_user -->
        <test-method signature="Post_New_user(java.util.LinkedHashMap)[pri:2, instance:requests.PostRequest@25bfcafd]" started-at="2024-10-18T15:13:24 EDT" name="Post_New_user" data-provider="userDataProvider" finished-at="2024-10-18T15:13:25 EDT" duration-ms="274" status="PASS">
          <params>
            <param index="0">
              <value>
                <![CDATA[{endpoint=/createusers, user_first_name=kiru, user_last_name=muthu, user_contact_number=9123567890, user_email_id=team5kirum@gmail.com, plotNumber=null, street=Avenue, state=GA, country=USA, zipCode=30055, statuscode=400}]]>
              </value>
            </param>
          </params>
          <reporter-output>
          </reporter-output>
        </test-method> <!-- Post_New_user -->
        <test-method signature="Post_New_user(java.util.LinkedHashMap)[pri:2, instance:requests.PostRequest@25bfcafd]" started-at="2024-10-18T15:13:25 EDT" name="Post_New_user" data-provider="userDataProvider" finished-at="2024-10-18T15:13:25 EDT" duration-ms="271" status="PASS">
          <params>
            <param index="0">
              <value>
                <![CDATA[{endpoint=/createusers, user_first_name=kiru, user_last_name=muthu, user_contact_number=4123567890, user_email_id=tean5kiru@gmail.com, plotNumber=123, street=Avenue, state=GA, country=USA, zipCode=30055, statuscode=409}]]>
              </value>
            </param>
          </params>
          <reporter-output>
          </reporter-output>
        </test-method> <!-- Post_New_user -->
        <test-method signature="Post_New_user(java.util.LinkedHashMap)[pri:2, instance:requests.PostRequest@25bfcafd]" started-at="2024-10-18T15:13:25 EDT" name="Post_New_user" data-provider="userDataProvider" finished-at="2024-10-18T15:13:25 EDT" duration-ms="504" status="PASS">
          <params>
            <param index="0">
              <value>
                <![CDATA[{endpoint=/createusers, user_first_name=kiru, user_last_name=muthu, user_contact_number=9123576899, user_email_id=tean05irumu@gmail.com, plotNumber=pl-18, street=null, state=GA, country=USA, zipCode=30055, statuscode=201}]]>
              </value>
            </param>
          </params>
          <reporter-output>
          </reporter-output>
        </test-method> <!-- Post_New_user -->
        <test-method signature="Post_New_user(java.util.LinkedHashMap)[pri:2, instance:requests.PostRequest@25bfcafd]" started-at="2024-10-18T15:13:25 EDT" name="Post_New_user" data-provider="userDataProvider" finished-at="2024-10-18T15:13:26 EDT" duration-ms="269" status="PASS">
          <params>
            <param index="0">
              <value>
                <![CDATA[{endpoint=/createusers, user_first_name=kiru, user_last_name=muthu, user_contact_number=9123567889, user_email_id=tean5kiru@gmail.com, plotNumber=pl-19, street=1234, state=GA, country=USA, zipCode=30055, statuscode=409}]]>
              </value>
            </param>
          </params>
          <reporter-output>
          </reporter-output>
        </test-method> <!-- Post_New_user -->
        <test-method signature="Post_New_user(java.util.LinkedHashMap)[pri:2, instance:requests.PostRequest@25bfcafd]" started-at="2024-10-18T15:13:26 EDT" name="Post_New_user" data-provider="userDataProvider" finished-at="2024-10-18T15:13:26 EDT" duration-ms="276" status="PASS">
          <params>
            <param index="0">
              <value>
                <![CDATA[{endpoint=/createusers, user_first_name=kiru, user_last_name=muthu, user_contact_number=9351267898, user_email_id=tean05irumut@gmail.com, plotNumber=pl-19, street=Avenue, state=null, country=USA, zipCode=30055, statuscode=201}]]>
              </value>
            </param>
          </params>
          <reporter-output>
          </reporter-output>
        </test-method> <!-- Post_New_user -->
        <test-method signature="Post_New_user(java.util.LinkedHashMap)[pri:2, instance:requests.PostRequest@25bfcafd]" started-at="2024-10-18T15:13:26 EDT" name="Post_New_user" data-provider="userDataProvider" finished-at="2024-10-18T15:13:26 EDT" duration-ms="390" status="PASS">
          <params>
            <param index="0">
              <value>
                <![CDATA[{endpoint=/createusers, user_first_name=kiru, user_last_name=muthu, user_contact_number=4123567890, user_email_id=tean5kiru@gmail.com, plotNumber=pl-20, street=Avenue, state=23, country=USA, zipCode=30055, statuscode=409}]]>
              </value>
            </param>
          </params>
          <reporter-output>
          </reporter-output>
        </test-method> <!-- Post_New_user -->
        <test-method signature="Post_New_user(java.util.LinkedHashMap)[pri:2, instance:requests.PostRequest@25bfcafd]" started-at="2024-10-18T15:13:26 EDT" name="Post_New_user" data-provider="userDataProvider" finished-at="2024-10-18T15:13:27 EDT" duration-ms="269" status="PASS">
          <params>
            <param index="0">
              <value>
                <![CDATA[{endpoint=/createusers, user_first_name=kiru, user_last_name=muthu, user_contact_number=4212356789, user_email_id=team05kirukiru@gmail.com, plotNumber=pl-20, street=Avenue, state=GA, country=null, zipCode=30055, statuscode=201}]]>
              </value>
            </param>
          </params>
          <reporter-output>
          </reporter-output>
        </test-method> <!-- Post_New_user -->
        <test-method signature="Post_New_user(java.util.LinkedHashMap)[pri:2, instance:requests.PostRequest@25bfcafd]" started-at="2024-10-18T15:13:27 EDT" name="Post_New_user" data-provider="userDataProvider" finished-at="2024-10-18T15:13:27 EDT" duration-ms="254" status="PASS">
          <params>
            <param index="0">
              <value>
                <![CDATA[{endpoint=/createusers, user_first_name=kiru, user_last_name=muthu, user_contact_number=4123587690, user_email_id=team005kiru@gmail.com, plotNumber=pl-21, street=Avenue, state=GA, country=123, zipCode=30055, statuscode=400}]]>
              </value>
            </param>
          </params>
          <reporter-output>
          </reporter-output>
        </test-method> <!-- Post_New_user -->
        <test-method signature="Post_New_user(java.util.LinkedHashMap)[pri:2, instance:requests.PostRequest@25bfcafd]" started-at="2024-10-18T15:13:27 EDT" name="Post_New_user" data-provider="userDataProvider" finished-at="2024-10-18T15:13:27 EDT" duration-ms="275" status="PASS">
          <params>
            <param index="0">
              <value>
                <![CDATA[{endpoint=/createusers, user_first_name=kiru, user_last_name=muthu, user_contact_number=8219356789, user_email_id=team05kirumuth@gmail.com, plotNumber=pl-21, street=Avenue, state=GA, country=USA, zipCode=null, statuscode=201}]]>
              </value>
            </param>
          </params>
          <reporter-output>
          </reporter-output>
        </test-method> <!-- Post_New_user -->
        <test-method signature="Post_New_user(java.util.LinkedHashMap)[pri:2, instance:requests.PostRequest@25bfcafd]" started-at="2024-10-18T15:13:27 EDT" name="Post_New_user" data-provider="userDataProvider" finished-at="2024-10-18T15:13:27 EDT" duration-ms="267" status="PASS">
          <params>
            <param index="0">
              <value>
                <![CDATA[{endpoint=/createusers, user_first_name=kiru, user_last_name=muthu, user_contact_number=8931356789, user_email_id=tean5kirumuth@gmail.com, plotNumber=pl-22, street=Avenue, state=GA, country=USA, zipCode=abcd, statuscode=400}]]>
              </value>
            </param>
          </params>
          <reporter-output>
          </reporter-output>
        </test-method> <!-- Post_New_user -->
        <test-method signature="Post_New_user(java.util.LinkedHashMap)[pri:2, instance:requests.PostRequest@25bfcafd]" started-at="2024-10-18T15:13:27 EDT" name="Post_New_user" data-provider="userDataProvider" finished-at="2024-10-18T15:13:28 EDT" duration-ms="288" status="PASS">
          <params>
            <param index="0">
              <value>
                <![CDATA[{endpoint=/createusers, user_first_name=kiru, user_last_name=sek, user_contact_number=6623576890, user_email_id=team0005kiru@gmail.com, plotNumber=pl-22, street=Avenue, state=GA, country=USA, zipCode=null, statuscode=201}]]>
              </value>
            </param>
          </params>
          <reporter-output>
          </reporter-output>
        </test-method> <!-- Post_New_user -->
        <test-method signature="Post_New_user(java.util.LinkedHashMap)[pri:2, instance:requests.PostRequest@25bfcafd]" started-at="2024-10-18T15:13:28 EDT" name="Post_New_user" data-provider="userDataProvider" finished-at="2024-10-18T15:13:28 EDT" duration-ms="270" status="PASS">
          <params>
            <param index="0">
              <value>
                <![CDATA[{endpoint=/createusers, user_first_name=kiruthika, user_last_name=muthu, user_contact_number=4123567890, user_email_id=team005kiki@gmail.com, plotNumber=pl-21, street=Main street, state=GA, country=USA, zipCode=30001, statuscode=409}]]>
              </value>
            </param>
          </params>
          <reporter-output>
          </reporter-output>
        </test-method> <!-- Post_New_user -->
      </class> <!-- requests.PostRequest -->
      <class name="requests.GetRequests">
        <test-method is-config="true" signature="setup()[pri:0, instance:requests.GetRequests@93cf163]" started-at="2024-10-18T15:13:15 EDT" name="setup" finished-at="2024-10-18T15:13:16 EDT" duration-ms="1185" status="PASS">
          <reporter-output>
          </reporter-output>
        </test-method> <!-- setup -->
        <test-method signature="GetAllUser(java.util.LinkedHashMap)[pri:1, instance:requests.GetRequests@93cf163]" started-at="2024-10-18T15:13:16 EDT" name="GetAllUser" data-provider="userDataProvider" finished-at="2024-10-18T15:13:18 EDT" duration-ms="1999" status="PASS">
          <params>
            <param index="0">
              <value>
                <![CDATA[{endpoint=/user, statuscode=404}]]>
              </value>
            </param>
          </params>
          <reporter-output>
          </reporter-output>
        </test-method> <!-- GetAllUser -->
        <test-method signature="GetAllUser(java.util.LinkedHashMap)[pri:1, instance:requests.GetRequests@93cf163]" started-at="2024-10-18T15:13:18 EDT" name="GetAllUser" data-provider="userDataProvider" finished-at="2024-10-18T15:13:18 EDT" duration-ms="266" status="PASS">
          <params>
            <param index="0">
              <value>
                <![CDATA[{endpoint=/use, statuscode=404}]]>
              </value>
            </param>
          </params>
          <reporter-output>
          </reporter-output>
        </test-method> <!-- GetAllUser -->
        <test-method signature="GetAllUser(java.util.LinkedHashMap)[pri:1, instance:requests.GetRequests@93cf163]" started-at="2024-10-18T15:13:18 EDT" name="GetAllUser" data-provider="userDataProvider" finished-at="2024-10-18T15:13:18 EDT" duration-ms="260" status="PASS">
          <params>
            <param index="0">
              <value>
                <![CDATA[{endpoint=/, statuscode=404}]]>
              </value>
            </param>
          </params>
          <reporter-output>
          </reporter-output>
        </test-method> <!-- GetAllUser -->
        <test-method signature="GetAllUser(java.util.LinkedHashMap)[pri:1, instance:requests.GetRequests@93cf163]" started-at="2024-10-18T15:13:18 EDT" name="GetAllUser" data-provider="userDataProvider" finished-at="2024-10-18T15:13:19 EDT" duration-ms="266" status="PASS">
          <params>
            <param index="0">
              <value>
                <![CDATA[{endpoint=/users/username/k, statuscode=404}]]>
              </value>
            </param>
          </params>
          <reporter-output>
          </reporter-output>
        </test-method> <!-- GetAllUser -->
        <test-method signature="GetAllUser(java.util.LinkedHashMap)[pri:1, instance:requests.GetRequests@93cf163]" started-at="2024-10-18T15:13:19 EDT" name="GetAllUser" data-provider="userDataProvider" finished-at="2024-10-18T15:13:19 EDT" duration-ms="252" status="PASS">
          <params>
            <param index="0">
              <value>
                <![CDATA[{endpoint=/users/username, statuscode=404}]]>
              </value>
            </param>
          </params>
          <reporter-output>
          </reporter-output>
        </test-method> <!-- GetAllUser -->
        <test-method signature="GetAllUser(java.util.LinkedHashMap)[pri:1, instance:requests.GetRequests@93cf163]" started-at="2024-10-18T15:13:19 EDT" name="GetAllUser" data-provider="userDataProvider" finished-at="2024-10-18T15:13:19 EDT" duration-ms="259" status="PASS">
          <params>
            <param index="0">
              <value>
                <![CDATA[{endpoint=/users/username/1122, statuscode=404}]]>
              </value>
            </param>
          </params>
          <reporter-output>
          </reporter-output>
        </test-method> <!-- GetAllUser -->
        <test-method signature="GetAllUser(java.util.LinkedHashMap)[pri:1, instance:requests.GetRequests@93cf163]" started-at="2024-10-18T15:13:19 EDT" name="GetAllUser" data-provider="userDataProvider" finished-at="2024-10-18T15:13:19 EDT" duration-ms="255" status="PASS">
          <params>
            <param index="0">
              <value>
                <![CDATA[{endpoint=/, statuscode=404}]]>
              </value>
            </param>
          </params>
          <reporter-output>
          </reporter-output>
        </test-method> <!-- GetAllUser -->
        <test-method signature="GetAllUser(java.util.LinkedHashMap)[pri:1, instance:requests.GetRequests@93cf163]" started-at="2024-10-18T15:13:19 EDT" name="GetAllUser" data-provider="userDataProvider" finished-at="2024-10-18T15:13:20 EDT" duration-ms="253" status="PASS">
          <params>
            <param index="0">
              <value>
                <![CDATA[{endpoint=/user/kiru, statuscode=400}]]>
              </value>
            </param>
          </params>
          <reporter-output>
          </reporter-output>
        </test-method> <!-- GetAllUser -->
        <test-method signature="GetAllUser(java.util.LinkedHashMap)[pri:1, instance:requests.GetRequests@93cf163]" started-at="2024-10-18T15:13:20 EDT" name="GetAllUser" data-provider="userDataProvider" finished-at="2024-10-18T15:13:20 EDT" duration-ms="269" status="PASS">
          <params>
            <param index="0">
              <value>
                <![CDATA[{endpoint=/user/, statuscode=404}]]>
              </value>
            </param>
          </params>
          <reporter-output>
          </reporter-output>
        </test-method> <!-- GetAllUser -->
        <test-method signature="GetAllUser(java.util.LinkedHashMap)[pri:1, instance:requests.GetRequests@93cf163]" started-at="2024-10-18T15:13:20 EDT" name="GetAllUser" data-provider="userDataProvider" finished-at="2024-10-18T15:13:20 EDT" duration-ms="243" status="PASS">
          <params>
            <param index="0">
              <value>
                <![CDATA[{endpoint=user, statuscode=404}]]>
              </value>
            </param>
          </params>
          <reporter-output>
          </reporter-output>
        </test-method> <!-- GetAllUser -->
      </class> <!-- requests.GetRequests -->
      <class name="requests.PutRequest">
        <test-method is-config="true" signature="setup()[pri:0, instance:requests.PutRequest@4b6690c0]" started-at="2024-10-18T15:13:28 EDT" name="setup" finished-at="2024-10-18T15:13:28 EDT" duration-ms="58" status="PASS">
          <reporter-output>
          </reporter-output>
        </test-method> <!-- setup -->
        <test-method signature="Put_New_user(java.util.LinkedHashMap)[pri:3, instance:requests.PutRequest@4b6690c0]" started-at="2024-10-18T15:13:28 EDT" name="Put_New_user" data-provider="userDataProvider" finished-at="2024-10-18T15:13:28 EDT" duration-ms="275" status="PASS">
          <params>
            <param index="0">
              <value>
                <![CDATA[{endpoint=/updateuser/, user_first_name=kiru, user_last_name=muthu, user_contact_number=4129967890, user_email_id=team005kiki@gmail.com, plotNumber=pl-21, street=Main street, state=GA, country=US, zipCode=30001, statuscode=200}]]>
              </value>
            </param>
          </params>
          <reporter-output>
          </reporter-output>
        </test-method> <!-- Put_New_user -->
        <test-method signature="Put_New_user(java.util.LinkedHashMap)[pri:3, instance:requests.PutRequest@4b6690c0]" started-at="2024-10-18T15:13:28 EDT" name="Put_New_user" data-provider="userDataProvider" finished-at="2024-10-18T15:13:29 EDT" duration-ms="268" status="PASS">
          <params>
            <param index="0">
              <value>
                <![CDATA[{endpoint=/updateuser/, user_first_name=kiru, user_last_name=muthu, user_contact_number=4219967890, user_email_id=team005kiki@gmail.com, plotNumber=pl-21, street=Main street, state=GA, country=US, zipCode=30001, statuscode=200}]]>
              </value>
            </param>
          </params>
          <reporter-output>
          </reporter-output>
        </test-method> <!-- Put_New_user -->
        <test-method signature="Put_New_user(java.util.LinkedHashMap)[pri:3, instance:requests.PutRequest@4b6690c0]" started-at="2024-10-18T15:13:29 EDT" name="Put_New_user" data-provider="userDataProvider" finished-at="2024-10-18T15:13:29 EDT" duration-ms="247" status="PASS">
          <params>
            <param index="0">
              <value>
                <![CDATA[{endpoint=/updateuser/, user_first_name=kiru, user_last_name=sek, user_contact_number=4219967890, user_email_id=team005kiki@gmail.com, plotNumber=pl-21, street=Main street, state=GA, country=US, zipCode=30001, statuscode=200}]]>
              </value>
            </param>
          </params>
          <reporter-output>
          </reporter-output>
        </test-method> <!-- Put_New_user -->
        <test-method signature="Put_New_user(java.util.LinkedHashMap)[pri:3, instance:requests.PutRequest@4b6690c0]" started-at="2024-10-18T15:13:29 EDT" name="Put_New_user" data-provider="userDataProvider" finished-at="2024-10-18T15:13:29 EDT" duration-ms="251" status="PASS">
          <params>
            <param index="0">
              <value>
                <![CDATA[{endpoint=/updateuser/, user_first_name=kiru, user_last_name=sek, user_contact_number=4219967890, user_email_id=team005kikiki@gmail.com, plotNumber=pl-21, street=Main street, state=GA, country=US, zipCode=30001, statuscode=200}]]>
              </value>
            </param>
          </params>
          <reporter-output>
          </reporter-output>
        </test-method> <!-- Put_New_user -->
        <test-method signature="Put_New_user(java.util.LinkedHashMap)[pri:3, instance:requests.PutRequest@4b6690c0]" started-at="2024-10-18T15:13:29 EDT" name="Put_New_user" data-provider="userDataProvider" finished-at="2024-10-18T15:13:29 EDT" duration-ms="267" status="PASS">
          <params>
            <param index="0">
              <value>
                <![CDATA[{endpoint=/updateuser/, user_first_name=kiru, user_last_name=sek, user_contact_number=4219967890, user_email_id=team005kikiki@gmail.com, plotNumber=pl-21, street=Main street, state=GA, country=US, zipCode=30021, statuscode=200}]]>
              </value>
            </param>
          </params>
          <reporter-output>
          </reporter-output>
        </test-method> <!-- Put_New_user -->
        <test-method signature="Put_New_user(java.util.LinkedHashMap)[pri:3, instance:requests.PutRequest@4b6690c0]" started-at="2024-10-18T15:13:29 EDT" name="Put_New_user" data-provider="userDataProvider" finished-at="2024-10-18T15:13:30 EDT" duration-ms="249" status="PASS">
          <params>
            <param index="0">
              <value>
                <![CDATA[{endpoint=/updateuser/, user_first_name=kiru, user_last_name=sek, user_contact_number=4219967890, user_email_id=team005kikiki@gmail.com, plotNumber=pl-31, street=Main street, state=GA, country=US, zipCode=30021, statuscode=200}]]>
              </value>
            </param>
          </params>
          <reporter-output>
          </reporter-output>
        </test-method> <!-- Put_New_user -->
        <test-method signature="Put_New_user(java.util.LinkedHashMap)[pri:3, instance:requests.PutRequest@4b6690c0]" started-at="2024-10-18T15:13:30 EDT" name="Put_New_user" data-provider="userDataProvider" finished-at="2024-10-18T15:13:30 EDT" duration-ms="253" status="PASS">
          <params>
            <param index="0">
              <value>
                <![CDATA[{endpoint=/updateuser/, user_first_name=kiru, user_last_name=sek, user_contact_number=4219967890, user_email_id=team005kikiki@gmail.com, plotNumber=pl-31, street=Avenue street, state=GA, country=US, zipCode=30021, statuscode=200}]]>
              </value>
            </param>
          </params>
          <reporter-output>
          </reporter-output>
        </test-method> <!-- Put_New_user -->
        <test-method signature="Put_New_user(java.util.LinkedHashMap)[pri:3, instance:requests.PutRequest@4b6690c0]" started-at="2024-10-18T15:13:30 EDT" name="Put_New_user" data-provider="userDataProvider" finished-at="2024-10-18T15:13:30 EDT" duration-ms="245" status="PASS">
          <params>
            <param index="0">
              <value>
                <![CDATA[{endpoint=/updateuser/, user_first_name=kiru, user_last_name=sek, user_contact_number=4219967890, user_email_id=team005kikiki@gmail.com, plotNumber=pl-31, street=Main street, state=AL, country=US, zipCode=30021, statuscode=200}]]>
              </value>
            </param>
          </params>
          <reporter-output>
          </reporter-output>
        </test-method> <!-- Put_New_user -->
        <test-method signature="Put_New_user(java.util.LinkedHashMap)[pri:3, instance:requests.PutRequest@4b6690c0]" started-at="2024-10-18T15:13:30 EDT" name="Put_New_user" data-provider="userDataProvider" finished-at="2024-10-18T15:13:30 EDT" duration-ms="286" status="PASS">
          <params>
            <param index="0">
              <value>
                <![CDATA[{endpoint=/updateuser/, user_first_name=kiru, user_last_name=sek, user_contact_number=4219967890, user_email_id=team005kikiki@gmail.com, plotNumber=pl-32, street=Main street, state=AL, country=USA, zipCode=30021, statuscode=200}]]>
              </value>
            </param>
          </params>
          <reporter-output>
          </reporter-output>
        </test-method> <!-- Put_New_user -->
        <test-method signature="Put_New_user(java.util.LinkedHashMap)[pri:3, instance:requests.PutRequest@4b6690c0]" started-at="2024-10-18T15:13:30 EDT" name="Put_New_user" data-provider="userDataProvider" finished-at="2024-10-18T15:13:31 EDT" duration-ms="269" status="PASS">
          <params>
            <param index="0">
              <value>
                <![CDATA[{endpoint=/updateuser/, user_first_name=1234, user_last_name=sek, user_contact_number=4219967890, user_email_id=team005kikiki@gmail.com, plotNumber=pl-33, street=Main street, state=AL, country=USA, zipCode=30021, statuscode=400}]]>
              </value>
            </param>
          </params>
          <reporter-output>
          </reporter-output>
        </test-method> <!-- Put_New_user -->
        <test-method signature="Put_New_user(java.util.LinkedHashMap)[pri:3, instance:requests.PutRequest@4b6690c0]" started-at="2024-10-18T15:13:31 EDT" name="Put_New_user" data-provider="userDataProvider" finished-at="2024-10-18T15:13:31 EDT" duration-ms="267" status="PASS">
          <params>
            <param index="0">
              <value>
                <![CDATA[{endpoint=/updateuser/, user_first_name=kiru@@, user_last_name=sek, user_contact_number=4219967890, user_email_id=team005kikiki@gmail.com, plotNumber=pl-34, street=Main street, state=AL, country=USA, zipCode=30021, statuscode=400}]]>
              </value>
            </param>
          </params>
          <reporter-output>
          </reporter-output>
        </test-method> <!-- Put_New_user -->
        <test-method signature="Put_New_user(java.util.LinkedHashMap)[pri:3, instance:requests.PutRequest@4b6690c0]" started-at="2024-10-18T15:13:31 EDT" name="Put_New_user" data-provider="userDataProvider" finished-at="2024-10-18T15:13:31 EDT" duration-ms="252" status="PASS">
          <params>
            <param index="0">
              <value>
                <![CDATA[{endpoint=/updateuser/, user_first_name=kiru, user_last_name=1234, user_contact_number=4219967890, user_email_id=team005kikiki@gmail.com, plotNumber=pl-34, street=Main street, state=AL, country=USA, zipCode=30021, statuscode=400}]]>
              </value>
            </param>
          </params>
          <reporter-output>
          </reporter-output>
        </test-method> <!-- Put_New_user -->
        <test-method signature="Put_New_user(java.util.LinkedHashMap)[pri:3, instance:requests.PutRequest@4b6690c0]" started-at="2024-10-18T15:13:31 EDT" name="Put_New_user" data-provider="userDataProvider" finished-at="2024-10-18T15:13:31 EDT" duration-ms="257" status="PASS">
          <params>
            <param index="0">
              <value>
                <![CDATA[{endpoint=/updateuser/, user_first_name=kiru, user_last_name=sek@@, user_contact_number=4219967890, user_email_id=team005kikiki@gmail.com, plotNumber=pl-35, street=Main street, state=AL, country=USA, zipCode=30021, statuscode=400}]]>
              </value>
            </param>
          </params>
          <reporter-output>
          </reporter-output>
        </test-method> <!-- Put_New_user -->
        <test-method signature="Put_New_user(java.util.LinkedHashMap)[pri:3, instance:requests.PutRequest@4b6690c0]" started-at="2024-10-18T15:13:31 EDT" name="Put_New_user" data-provider="userDataProvider" finished-at="2024-10-18T15:13:32 EDT" duration-ms="249" status="PASS">
          <params>
            <param index="0">
              <value>
                <![CDATA[{endpoint=/updateuser/, user_first_name=kiru, user_last_name=sek, user_contact_number=421996, user_email_id=team005kikiki@gmail.com, plotNumber=pl-35, street=Main street, state=AL, country=USA, zipCode=30021, statuscode=400}]]>
              </value>
            </param>
          </params>
          <reporter-output>
          </reporter-output>
        </test-method> <!-- Put_New_user -->
        <test-method signature="Put_New_user(java.util.LinkedHashMap)[pri:3, instance:requests.PutRequest@4b6690c0]" started-at="2024-10-18T15:13:32 EDT" name="Put_New_user" data-provider="userDataProvider" finished-at="2024-10-18T15:13:32 EDT" duration-ms="253" status="PASS">
          <params>
            <param index="0">
              <value>
                <![CDATA[{endpoint=/updateuser/, user_first_name=kiru, user_last_name=sek, user_contact_number=4219967890, user_email_id=team005kikiki@gmail.com, plotNumber=pl-36, street=Main street, state=AL, country=USA, zipCode=30021, statuscode=200}]]>
              </value>
            </param>
          </params>
          <reporter-output>
          </reporter-output>
        </test-method> <!-- Put_New_user -->
        <test-method signature="Put_New_user(java.util.LinkedHashMap)[pri:3, instance:requests.PutRequest@4b6690c0]" started-at="2024-10-18T15:13:32 EDT" name="Put_New_user" data-provider="userDataProvider" finished-at="2024-10-18T15:13:32 EDT" duration-ms="260" status="PASS">
          <params>
            <param index="0">
              <value>
                <![CDATA[{endpoint=/updateuser/, user_first_name=kiru, user_last_name=sek, user_contact_number=String, user_email_id=team005kikiki@gmail.com, plotNumber=pl-36, street=Main street, state=AL, country=USA, zipCode=30021, statuscode=400}]]>
              </value>
            </param>
          </params>
          <reporter-output>
          </reporter-output>
        </test-method> <!-- Put_New_user -->
        <test-method signature="Put_New_user(java.util.LinkedHashMap)[pri:3, instance:requests.PutRequest@4b6690c0]" started-at="2024-10-18T15:13:32 EDT" name="Put_New_user" data-provider="userDataProvider" finished-at="2024-10-18T15:13:32 EDT" duration-ms="258" status="PASS">
          <params>
            <param index="0">
              <value>
                <![CDATA[{endpoint=/updateuser/, user_first_name=kiru, user_last_name=sek, user_contact_number=4219967890, user_email_id=@@@@@@@, plotNumber=pl-37, street=Main street, state=AL, country=USA, zipCode=30021, statuscode=400}]]>
              </value>
            </param>
          </params>
          <reporter-output>
          </reporter-output>
        </test-method> <!-- Put_New_user -->
        <test-method signature="Put_New_user(java.util.LinkedHashMap)[pri:3, instance:requests.PutRequest@4b6690c0]" started-at="2024-10-18T15:13:32 EDT" name="Put_New_user" data-provider="userDataProvider" finished-at="2024-10-18T15:13:33 EDT" duration-ms="235" status="PASS">
          <params>
            <param index="0">
              <value>
                <![CDATA[{endpoint=/updateuser/, user_first_name=kiru, user_last_name=sek, user_contact_number=4219967890, user_email_id=team005kikikigmail.com, plotNumber=pl-37, street=Main street, state=AL, country=USA, zipCode=30021, statuscode=400}]]>
              </value>
            </param>
          </params>
          <reporter-output>
          </reporter-output>
        </test-method> <!-- Put_New_user -->
        <test-method signature="Put_New_user(java.util.LinkedHashMap)[pri:3, instance:requests.PutRequest@4b6690c0]" started-at="2024-10-18T15:13:33 EDT" name="Put_New_user" data-provider="userDataProvider" finished-at="2024-10-18T15:13:33 EDT" duration-ms="250" status="PASS">
          <params>
            <param index="0">
              <value>
                <![CDATA[{endpoint=/updateuser/, user_first_name=kiru, user_last_name=sek, user_contact_number=4219967890, user_email_id=12345, plotNumber=pl-38, street=Main street, state=AL, country=USA, zipCode=30021, statuscode=400}]]>
              </value>
            </param>
          </params>
          <reporter-output>
          </reporter-output>
        </test-method> <!-- Put_New_user -->
      </class> <!-- requests.PutRequest -->
    </test> <!-- Test -->
  </suite> <!-- Suite -->
</testng-results>
